2024-11-26 14:06:08 Loading main app package /usr/lib/obsidian/obsidian.asar
2024-11-26 14:06:09 Checking for update using Github
2024-11-26 14:06:10 Success.
2024-11-26 14:06:10 Latest version is 1.7.7
2024-11-26 14:06:10 App is up to date.
2024-11-29 17:13:10 Loading main app package /usr/lib/obsidian/obsidian.asar
2024-11-29 17:13:11 Checking for update using Github
2024-11-29 17:13:11 Success.
2024-11-29 17:13:11 Latest version is 1.7.7
2024-11-29 17:13:11 App is up to date.
2024-12-02 16:02:48 Loading main app package /usr/lib/obsidian/obsidian.asar
2024-12-02 16:02:49 Checking for update using Github
2024-12-02 16:02:50 Success.
2024-12-02 16:02:50 Latest version is 1.7.7
2024-12-02 16:02:50 App is up to date.
2024-12-06 17:40:27 Loading main app package /usr/lib/obsidian/obsidian.asar
2024-12-06 17:40:28 Checking for update using Github
2024-12-06 17:40:28 Success.
2024-12-06 17:40:28 Latest version is 1.7.7
2024-12-06 17:40:28 App is up to date.
2024-12-06 18:40:27 Checking for update using Github
2024-12-06 18:40:27 Success.
2024-12-06 18:40:27 Latest version is 1.7.7
2024-12-06 18:40:27 App is up to date.
2024-12-06 19:40:27 Checking for update using Github
2024-12-06 19:40:27 Success.
2024-12-06 19:40:27 Latest version is 1.7.7
2024-12-06 19:40:27 App is up to date.
2024-12-06 20:42:44 Checking for update using Github
2024-12-06 20:42:45 Success.
2024-12-06 20:42:45 Latest version is 1.7.7
2024-12-06 20:42:45 App is up to date.
2024-12-06 21:42:44 Checking for update using Github
2024-12-06 21:42:45 Success.
2024-12-06 21:42:45 Latest version is 1.7.7
2024-12-06 21:42:45 App is up to date.
2024-12-08 09:25:23 Loading main app package /usr/lib/obsidian/obsidian.asar
2024-12-08 09:25:24 Checking for update using Github
2024-12-08 09:25:25 Success.
2024-12-08 09:25:25 Latest version is 1.7.7
2024-12-08 09:25:25 App is up to date.
2024-12-08 10:25:23 Checking for update using Github
2024-12-08 10:25:24 Success.
2024-12-08 10:25:24 Latest version is 1.7.7
2024-12-08 10:25:24 App is up to date.
2024-12-08 11:25:24 Checking for update using Github
2024-12-08 11:25:24 Success.
2024-12-08 11:25:24 Latest version is 1.7.7
2024-12-08 11:25:24 App is up to date.
2024-12-08 12:25:24 Checking for update using Github
2024-12-08 12:25:24 Success.
2024-12-08 12:25:24 Latest version is 1.7.7
2024-12-08 12:25:24 App is up to date.
2024-12-14 15:51:49 Loading main app package /usr/lib/obsidian/obsidian.asar
2024-12-14 15:51:50 Checking for update using Github
2024-12-14 15:51:50 Success.
2024-12-14 15:51:50 Latest version is 1.7.7
2024-12-14 15:51:50 App is up to date.
2024-12-14 16:51:49 Checking for update using Github
2024-12-14 16:51:49 Success.
2024-12-14 16:51:49 Latest version is 1.7.7
2024-12-14 16:51:49 App is up to date.
2024-12-14 17:51:49 Checking for update using Github
2024-12-14 17:51:50 Success.
2024-12-14 17:51:50 Latest version is 1.7.7
2024-12-14 17:51:50 App is up to date.
2024-12-14 18:51:49 Checking for update using Github
2024-12-14 18:51:50 Success.
2024-12-14 18:51:50 Latest version is 1.7.7
2024-12-14 18:51:50 App is up to date.
2024-12-15 18:19:49 Loading main app package /usr/lib/obsidian/obsidian.asar
2024-12-15 18:19:49 Checking for update using Github
2024-12-15 18:19:50 Success.
2024-12-15 18:19:50 Latest version is 1.7.7
2024-12-15 18:19:50 App is up to date.
